#
# There is insufficient memory for the Java Runtime Environment to continue.
# Native memory allocation (mmap) failed to map 268435456 bytes for Failed to commit area from 0x0000000701e00000 to 0x0000000711e00000 of length 268435456.
# Possible reasons:
#   The system is out of physical RAM or swap space
#   The process is running with CompressedOops enabled, and the Java Heap may be blocking the growth of the native heap
# Possible solutions:
#   Reduce memory load on the system
#   Increase physical memory or swap space
#   Check if swap backing store is full
#   Decrease Java heap size (-Xmx/-Xms)
#   Decrease number of Java threads
#   Decrease Java thread stack sizes (-Xss)
#   Set larger code cache with -XX:ReservedCodeCacheSize=
# This output file may be truncated or incomplete.
#
#  Out of Memory Error (./src/hotspot/os/windows/os_windows.cpp:3301), pid=13032, tid=15232
#
# JRE version:  (11.0.10) (build )
# Java VM: OpenJDK 64-Bit Server VM (11.0.10+0-b96-7249189, mixed mode, sharing, tiered, compressed oops, g1 gc, windows-amd64)
# No core dump will be written. Minidumps are not enabled by default on client versions of Windows
#

---------------  S U M M A R Y ------------

Command Line: org.jetbrains.git4idea.http.GitAskPassApp Username for 'https://github.com': 

Host: Intel(R) Core(TM) i5-7200U CPU @ 2.50GHz, 4 cores, 15G,  Windows 10 , 64 bit Build 19041 (10.0.19041.292)
Time: Wed Dec  1 23:04:53 2021 Центральная Азия (зима) elapsed time: 0.013851 seconds (0d 0h 0m 0s)

---------------  T H R E A D  ---------------

Current thread (0x000002b804b60000):  JavaThread "Unknown thread" [_thread_in_vm, id=15232, stack(0x000000fac9300000,0x000000fac9400000)]

Stack: [0x000000fac9300000,0x000000fac9400000]
Native frames: (J=compiled Java code, j=interpreted, Vv=VM code, C=native code)
V  [jvm.dll+0x5ecfaa]
V  [jvm.dll+0x722bd5]
V  [jvm.dll+0x72412d]
V  [jvm.dll+0x7247e3]
V  [jvm.dll+0x242928]
V  [jvm.dll+0x5ea374]
V  [jvm.dll+0x5df425]
V  [jvm.dll+0x2fdebb]
V  [jvm.dll+0x2fde2a]
V  [jvm.dll+0x2fdd02]
V  [jvm.dll+0x302bf6]
V  [jvm.dll+0x34b2a3]
V  [jvm.dll+0x34b9a6]
V  [jvm.dll+0x34b3a3]
V  [jvm.dll+0x2d8888]
V  [jvm.dll+0x2d9a37]
V  [jvm.dll+0x701737]
V  [jvm.dll+0x702f2c]
V  [jvm.dll+0x3587d9]
V  [jvm.dll+0x6e4fae]
V  [jvm.dll+0x3c0be3]
V  [jvm.dll+0x3c2e91]
C  [jli.dll+0x5373]
C  [ucrtbase.dll+0x21542]
C  [KERNEL32.DLL+0x16fd4]
C  [ntdll.dll+0x4cec1]


---------------  P R O C E S S  ---------------

Threads class SMR info:
_java_thread_list=0x000002b8028e1a20, length=0, elements={
}

Java Threads: ( => current thread )

Other Threads:
  0x000002b804b78800 GCTaskThread "GC Thread#0" [stack: 0x000000fac9400000,0x000000fac9500000] [id=13084]
  0x000002b804bd6000 ConcurrentGCThread "G1 Main Marker" [stack: 0x000000fac9500000,0x000000fac9600000] [id=7428]
  0x000002b804bd8800 ConcurrentGCThread "G1 Conc#0" [stack: 0x000000fac9600000,0x000000fac9700000] [id=12784]

[error occurred during error reporting (printing all threads), id 0xc0000005, EXCEPTION_ACCESS_VIOLATION (0xc0000005) at pc=0x00007ffc0dbb9107]

VM state:not at safepoint (not fully initialized)

VM Mutex/Monitor currently owned by a thread:  ([mutex/lock_event])
[0x000002b804b5cd40] Heap_lock - owner thread: 0x000002b804b60000

Heap address: 0x0000000701e00000, size: 4066 MB, Compressed Oops mode: Non-zero based: 0x0000000701e00000
Narrow klass base: 0x0000000000000000, Narrow klass shift: 0

GC Heap History (0 events):
No events

Deoptimization events (0 events):
No events

Classes redefined (0 events):
No events

Internal exceptions (0 events):
No events

Events (1 events):
Event: 0.008 Loaded shared library C:\Program Files\Android\Android Studio\jre\bin\zip.dll


Dynamic libraries:
0x00007ff7b6560000 - 0x00007ff7b656a000 	C:\Program Files\Android\Android Studio\jre\bin\java.exe
0x00007ffc5a590000 - 0x00007ffc5a784000 	C:\Windows\SYSTEM32\ntdll.dll
0x00007ffc27a60000 - 0x00007ffc27a75000 	C:\Program Files\AVG\Antivirus\aswhook.dll
0x00007ffc5a2c0000 - 0x00007ffc5a37d000 	C:\Windows\System32\KERNEL32.DLL
0x00007ffc57de0000 - 0x00007ffc580a7000 	C:\Windows\System32\KERNELBASE.dll
0x00007ffc58110000 - 0x00007ffc58210000 	C:\Windows\System32\ucrtbase.dll
0x00007ffc525a0000 - 0x00007ffc525b7000 	C:\Program Files\Android\Android Studio\jre\bin\VCRUNTIME140.dll
0x00007ffc525d0000 - 0x00007ffc525e9000 	C:\Program Files\Android\Android Studio\jre\bin\jli.dll
0x00007ffc59cf0000 - 0x00007ffc59e90000 	C:\Windows\System32\USER32.dll
0x00007ffc57ce0000 - 0x00007ffc57d02000 	C:\Windows\System32\win32u.dll
0x00007ffc5a0c0000 - 0x00007ffc5a0ea000 	C:\Windows\System32\GDI32.dll
0x00007ffc452f0000 - 0x00007ffc4558a000 	C:\Windows\WinSxS\amd64_microsoft.windows.common-controls_6595b64144ccf1df_6.0.19041.1_none_b555e41d4684ddec\COMCTL32.dll
0x00007ffc58420000 - 0x00007ffc5852a000 	C:\Windows\System32\gdi32full.dll
0x00007ffc5a380000 - 0x00007ffc5a41e000 	C:\Windows\System32\msvcrt.dll
0x00007ffc58530000 - 0x00007ffc585cd000 	C:\Windows\System32\msvcp_win.dll
0x00007ffc58600000 - 0x00007ffc58630000 	C:\Windows\System32\IMM32.DLL
0x00007ffc24b60000 - 0x00007ffc24bfd000 	C:\Program Files\Android\Android Studio\jre\bin\msvcp140.dll
0x00007ffc0d8d0000 - 0x00007ffc0e39f000 	C:\Program Files\Android\Android Studio\jre\bin\server\jvm.dll
0x00007ffc58c60000 - 0x00007ffc58d0a000 	C:\Windows\System32\ADVAPI32.dll
0x00007ffc594a0000 - 0x00007ffc5953b000 	C:\Windows\System32\sechost.dll
0x00007ffc59ea0000 - 0x00007ffc59fc3000 	C:\Windows\System32\RPCRT4.dll
0x00007ffc5a0b0000 - 0x00007ffc5a0b8000 	C:\Windows\System32\PSAPI.DLL
0x00007ffc539c0000 - 0x00007ffc539e7000 	C:\Windows\SYSTEM32\WINMM.dll
0x00007ffc37be0000 - 0x00007ffc37be9000 	C:\Windows\SYSTEM32\WSOCK32.dll
0x00007ffc4e430000 - 0x00007ffc4e43a000 	C:\Windows\SYSTEM32\VERSION.dll
0x00007ffc58f20000 - 0x00007ffc58f8b000 	C:\Windows\System32\WS2_32.dll
0x00007ffc55c70000 - 0x00007ffc55c83000 	C:\Windows\SYSTEM32\kernel.appcore.dll
0x00007ffc400d0000 - 0x00007ffc400e1000 	C:\Program Files\Android\Android Studio\jre\bin\verify.dll
0x00007ffc4a740000 - 0x00007ffc4a924000 	C:\Windows\SYSTEM32\DBGHELP.DLL
0x00007ffc4a6e0000 - 0x00007ffc4a70c000 	C:\Windows\SYSTEM32\dbgcore.DLL
0x00007ffc57d10000 - 0x00007ffc57d8f000 	C:\Windows\System32\bcryptPrimitives.dll
0x00007ffc400a0000 - 0x00007ffc400c9000 	C:\Program Files\Android\Android Studio\jre\bin\java.dll
0x00007ffc51f00000 - 0x00007ffc51f0b000 	C:\Program Files\Android\Android Studio\jre\bin\jimage.dll
0x00007ffc3f400000 - 0x00007ffc3f418000 	C:\Program Files\Android\Android Studio\jre\bin\zip.dll

dbghelp: loaded successfully - version: 4.0.5 - missing functions: none
symbol engine: initialized successfully - sym options: 0x614 - pdb path: .;C:\Program Files\Android\Android Studio\jre\bin;C:\Windows\SYSTEM32;C:\Program Files\AVG\Antivirus;C:\Windows\WinSxS\amd64_microsoft.windows.common-controls_6595b64144ccf1df_6.0.19041.1_none_b555e41d4684ddec;C:\Program Files\Android\Android Studio\jre\bin\server

VM Arguments:
java_command: org.jetbrains.git4idea.http.GitAskPassApp Username for 'https://github.com': 
java_class_path (initial): C:/Program Files/Android/Android Studio/plugins/git4idea/lib/git4idea-rt.jar;C:/Program Files/Android/Android Studio/lib/xmlrpc-2.0.1.jar;C:/Program Files/Android/Android Studio/lib/commons-codec-1.14.jar
Launcher Type: SUN_STANDARD

[Global flags]
     intx CICompilerCount                          = 3                                         {product} {ergonomic}
     uint ConcGCThreads                            = 1                                         {product} {ergonomic}
     uint G1ConcRefinementThreads                  = 4                                         {product} {ergonomic}
   size_t G1HeapRegionSize                         = 1048576                                   {product} {ergonomic}
    uintx GCDrainStackTargetSize                   = 64                                        {product} {ergonomic}
   size_t InitialHeapSize                          = 268435456                                 {product} {ergonomic}
   size_t MarkStackSize                            = 4194304                                   {product} {ergonomic}
   size_t MaxHeapSize                              = 4263510016                                {product} {ergonomic}
   size_t MinHeapDeltaBytes                        = 1048576                                   {product} {ergonomic}
    uintx NonNMethodCodeHeapSize                   = 5830732                                {pd product} {ergonomic}
    uintx NonProfiledCodeHeapSize                  = 122913754                              {pd product} {ergonomic}
    uintx ProfiledCodeHeapSize                     = 122913754                              {pd product} {ergonomic}
    uintx ReservedCodeCacheSize                    = 251658240                              {pd product} {ergonomic}
     bool SegmentedCodeCache                       = true                                      {product} {ergonomic}
     bool UseCompressedClassPointers               = true                                 {lp64_product} {ergonomic}
     bool UseCompressedOops                        = true                                 {lp64_product} {ergonomic}
     bool UseG1GC                                  = true                                      {product} {ergonomic}
     bool UseLargePagesIndividualAllocation        = false                                  {pd product} {ergonomic}

Logging:
Log output configuration:
 #0: stdout all=warning uptime,level,tags
 #1: stderr all=off uptime,level,tags

Environment Variables:
PATH=C:\Program Files\Git\mingw64\libexec\git-core;C:\Program Files\Git\mingw64\libexec\git-core;C:\Program Files\Git\mingw64\bin;C:\Program Files\Git\usr\bin;C:\Users\user\bin;C:\Windows\system32;C:\Windows;C:\Windows\System32\Wbem;C:\Windows\System32\WindowsPowerShell\v1.0;C:\Windows\System32\OpenSSH;C:\Program Files (x86)\NVIDIA Corporation\PhysX\Common;C:\Program Files\Git\cmd;C:\Users\user\AppData\Local\Microsoft\WindowsApps
USERNAME=user
DISPLAY=:0.0
LC_ALL=en_US.UTF-8
OS=Windows_NT
PROCESSOR_IDENTIFIER=Intel64 Family 6 Model 142 Stepping 9, GenuineIntel



---------------  S Y S T E M  ---------------

OS: Windows 10 , 64 bit Build 19041 (10.0.19041.292)
OS uptime: 33 days 5:22 hours

CPU:total 4 (initial active 4) (2 cores per cpu, 2 threads per core) family 6 model 142 stepping 9 microcode 0xb4, cmov, cx8, fxsr, mmx, sse, sse2, sse3, ssse3, sse4.1, sse4.2, popcnt, avx, avx2, aes, clmul, erms, 3dnowpref, lzcnt, ht, tsc, tscinvbit, bmi1, bmi2, adx, fma

Memory: 4k page, system-wide physical 16261M (2556M free)
TotalPageFile size 16261M (AvailPageFile size 64M)
current process WorkingSet (physical memory assigned to process): 10M, peak: 10M
current process commit charge ("private bytes"): 52M, peak: 308M

vm_info: OpenJDK 64-Bit Server VM (11.0.10+0-b96-7249189) for windows-amd64 JRE (11.0.10+0-b96-7249189), built on Mar 31 2021 21:44:00 by "builder" with MS VC++ 14.0 (VS2015)

END.
